#
# There is insufficient memory for the Java Runtime Environment to continue.
# Native memory allocation (mmap) failed to map 268435456 bytes for G1 virtual space
# Possible reasons:
#   The system is out of physical RAM or swap space
#   The process is running with CompressedOops enabled, and the Java Heap may be blocking the growth of the native heap
# Possible solutions:
#   Reduce memory load on the system
#   Increase physical memory or swap space
#   Check if swap backing store is full
#   Decrease Java heap size (-Xmx/-Xms)
#   Decrease number of Java threads
#   Decrease Java thread stack sizes (-Xss)
#   Set larger code cache with -XX:ReservedCodeCacheSize=
#   JVM is running with Zero Based Compressed Oops mode in which the Java heap is
#     placed in the first 32GB address space. The Java Heap base address is the
#     maximum limit for the native heap growth. Please use -XX:HeapBaseMinAddress
#     to set the Java Heap base and to place the Java Heap above 32GB virtual address.
# This output file may be truncated or incomplete.
#
#  Out of Memory Error (./open/src/hotspot/os/windows/os_windows.cpp:3472), pid=3028, tid=6892
#
# JRE version:  (15.0+36) (build )
# Java VM: Java HotSpot(TM) 64-Bit Server VM (15+36-1562, mixed mode, sharing, tiered, compressed oops, g1 gc, windows-amd64)
# No core dump will be written. Minidumps are not enabled by default on client versions of Windows
#

---------------  S U M M A R Y ------------

Command Line: -Dclassworlds.conf=C:\Program Files\NetBeans-12.1\netbeans\java\maven\bin\..\bin\m2.conf -Dmaven.home=C:\Program Files\NetBeans-12.1\netbeans\java\maven\bin\.. -Dlibrary.jansi.path=C:\Program Files\NetBeans-12.1\netbeans\java\maven\bin\..\lib\jansi-native -Dmaven.multiModuleProjectDirectory=C:\Users\fabri\OneDrive\Desktop\proyecto3POO_Tutorias-parte-l-gica\Proyecto3 org.codehaus.plexus.classworlds.launcher.Launcher -Dexec.args=-classpath %classpath Vista.main -Dexec.executable=C:\Program Files\Java\jdk-15\bin\java.exe -Dmaven.ext.class.path=C:\Program Files\NetBeans-12.1\netbeans\java\maven-nblib\netbeans-eventspy.jar -Dfile.encoding=UTF-8 org.codehaus.mojo:exec-maven-plugin:1.5.0:exec

Host: Intel(R) Core(TM) i7-6500U CPU @ 2.50GHz, 4 cores, 15G,  Windows 10 , 64 bit Build 18362 (10.0.18362.1110)
Time: Thu Dec 10 22:13:31 2020 Central America Standard Time elapsed time: 0.020274 seconds (0d 0h 0m 0s)

---------------  T H R E A D  ---------------

Current thread (0x0000016d323d4540):  JavaThread "Unknown thread" [_thread_in_vm, id=6892, stack(0x0000005280300000,0x0000005280400000)]

Stack: [0x0000005280300000,0x0000005280400000]
Native frames: (J=compiled Java code, j=interpreted, Vv=VM code, C=native code)
V  [jvm.dll+0x629eaa]
V  [jvm.dll+0x780379]
V  [jvm.dll+0x781ad3]
V  [jvm.dll+0x782133]
V  [jvm.dll+0x2159d5]
V  [jvm.dll+0x627299]
V  [jvm.dll+0x61bdd5]
V  [jvm.dll+0x2cf96d]
V  [jvm.dll+0x2cf7d2]
V  [jvm.dll+0x2d57ac]
V  [jvm.dll+0x32523a]
V  [jvm.dll+0x324904]
V  [jvm.dll+0x2a68ea]
V  [jvm.dll+0x2a7a88]
V  [jvm.dll+0x75d0f1]
V  [jvm.dll+0x333af4]
V  [jvm.dll+0x73d816]
V  [jvm.dll+0x3b68e7]
V  [jvm.dll+0x3b8371]
C  [jli.dll+0x52fb]
C  [ucrtbase.dll+0x210b2]
C  [KERNEL32.DLL+0x17c24]
C  [ntdll.dll+0x6d4d1]


---------------  P R O C E S S  ---------------

Threads class SMR info:
_java_thread_list=0x00007ff8cd2d2fa0, length=0, elements={
}

Java Threads: ( => current thread )

Other Threads:
  0x0000016d324234a0 GCTaskThread "GC Thread#0" [stack: 0x0000005280400000,0x0000005280500000] [id=8152]
  0x0000016d32435590 ConcurrentGCThread "G1 Main Marker" [stack: 0x0000005280500000,0x0000005280600000] [id=6732]
  0x0000016d324369a0 ConcurrentGCThread "G1 Conc#0" [stack: 0x0000005280600000,0x0000005280700000] [id=4660]

[error occurred during error reporting (printing all threads), id 0xc0000005, EXCEPTION_ACCESS_VIOLATION (0xc0000005) at pc=0x00007ff8ccac77b7]

VM state: not at safepoint (not fully initialized)

VM Mutex/Monitor currently owned by a thread:  ([mutex/lock_event])
[0x0000016d323cff30] Heap_lock - owner thread: 0x0000016d323d4540

Heap address: 0x0000000701e00000, size: 4066 MB, Compressed Oops mode: Zero based, Oop shift amount: 3
CDS archive(s) mapped at: [0x0000000000000000-0x0000000000000000-0x0000000000000000), size 0, SharedBaseAddress: 0x0000000800000000, ArchiveRelocationMode: 0.
Narrow klass base: 0x0000000000000000, Narrow klass shift: 0, Narrow klass range: 0x0

Heap:
 garbage-first heap   total 262144K, used 0K [0x0000000701e00000, 0x0000000800000000)
  region size 2048K, 0 young (0K), 0 survivors (0K)
 Metaspace       used 0K, capacity 0K, committed 0K, reserved 0K
  class space    used 0K, capacity 0K, committed 0K, reserved 0K

Heap Regions: E=young(eden), S=young(survivor), O=old, HS=humongous(starts), HC=humongous(continues), CS=collection set, F=free, OA=open archive, CA=closed archive, TAMS=top-at-mark-start (previous, next)

Card table byte_map: [0x0000016d4bc00000,0x0000016d4c400000] _byte_map_base: 0x0000016d483f1000

Marking Bits (Prev, Next): (CMBitMap*) 0x0000016d32424d20, (CMBitMap*) 0x0000016d32424d60
 Prev Bits: [0x0000016d4cc00000, 0x0000016d50b88000)
 Next Bits: [0x0000016d50b90000, 0x0000016d54b18000)

GC Heap History (0 events):
No events

Deoptimization events (0 events):
No events

Classes unloaded (0 events):
No events

Classes redefined (0 events):
No events

Internal exceptions (0 events):
No events

Events (1 events):
Event: 0.011 Loaded shared library C:\Program Files\Java\jdk-15\bin\java.dll


Dynamic libraries:
0x00007ff78e0c0000 - 0x00007ff78e0cf000 	C:\Program Files\Java\jdk-15\bin\java.exe
0x00007ff915000000 - 0x00007ff9151f0000 	C:\WINDOWS\SYSTEM32\ntdll.dll
0x00007ff914bb0000 - 0x00007ff914c62000 	C:\WINDOWS\System32\KERNEL32.DLL
0x00007ff912830000 - 0x00007ff912ad5000 	C:\WINDOWS\System32\KERNELBASE.dll
0x00007ff912730000 - 0x00007ff91282a000 	C:\WINDOWS\System32\ucrtbase.dll
0x00007ff90e000000 - 0x00007ff90e018000 	C:\Program Files\Java\jdk-15\bin\jli.dll
0x00007ff914170000 - 0x00007ff914213000 	C:\WINDOWS\System32\ADVAPI32.dll
0x00007ff913220000 - 0x00007ff9132be000 	C:\WINDOWS\System32\msvcrt.dll
0x00007ff9132c0000 - 0x00007ff913357000 	C:\WINDOWS\System32\sechost.dll
0x00007ff914a70000 - 0x00007ff914b90000 	C:\WINDOWS\System32\RPCRT4.dll
0x00007ff914850000 - 0x00007ff9149e4000 	C:\WINDOWS\System32\USER32.dll
0x00007ff913020000 - 0x00007ff913041000 	C:\WINDOWS\System32\win32u.dll
0x00007ff9131f0000 - 0x00007ff913216000 	C:\WINDOWS\System32\GDI32.dll
0x00007ff912de0000 - 0x00007ff912f76000 	C:\WINDOWS\System32\gdi32full.dll
0x00007ff912f80000 - 0x00007ff91301e000 	C:\WINDOWS\System32\msvcp_win.dll
0x00007ff8dc7d0000 - 0x00007ff8dc7e9000 	C:\Program Files\Java\jdk-15\bin\VCRUNTIME140.dll
0x00007ff8fb670000 - 0x00007ff8fb8f4000 	C:\WINDOWS\WinSxS\amd64_microsoft.windows.common-controls_6595b64144ccf1df_6.0.18362.1256_none_9e7e379be45e40e2\COMCTL32.dll
0x00007ff914c80000 - 0x00007ff914fb6000 	C:\WINDOWS\System32\combase.dll
0x00007ff912d30000 - 0x00007ff912db1000 	C:\WINDOWS\System32\bcryptPrimitives.dll
0x00007ff9047d0000 - 0x00007ff9047da000 	C:\WINDOWS\SYSTEM32\VERSION.dll
0x00007ff913a50000 - 0x00007ff913a7e000 	C:\WINDOWS\System32\IMM32.DLL
0x00007ff8de450000 - 0x00007ff8de45c000 	C:\Program Files\Java\jdk-15\bin\vcruntime140_1.dll
0x00007ff8dacd0000 - 0x00007ff8dad61000 	C:\Program Files\Java\jdk-15\bin\msvcp140.dll
0x00007ff8cc810000 - 0x00007ff8cd36c000 	C:\Program Files\Java\jdk-15\bin\server\jvm.dll
0x00007ff914c70000 - 0x00007ff914c78000 	C:\WINDOWS\System32\PSAPI.DLL
0x00007ff8f1220000 - 0x00007ff8f1229000 	C:\WINDOWS\SYSTEM32\WSOCK32.dll
0x00007ff914430000 - 0x00007ff91449f000 	C:\WINDOWS\System32\WS2_32.dll
0x00007ff90f8c0000 - 0x00007ff90f8e4000 	C:\WINDOWS\SYSTEM32\WINMM.dll
0x00007ff90f890000 - 0x00007ff90f8bd000 	C:\WINDOWS\SYSTEM32\WINMMBASE.dll
0x00007ff912ae0000 - 0x00007ff912b2a000 	C:\WINDOWS\System32\cfgmgr32.dll
0x00007ff911f50000 - 0x00007ff911f61000 	C:\WINDOWS\System32\kernel.appcore.dll
0x00007ff8dc470000 - 0x00007ff8dc47a000 	C:\Program Files\Java\jdk-15\bin\jimage.dll
0x00007ff9106e0000 - 0x00007ff9108d4000 	C:\WINDOWS\SYSTEM32\DBGHELP.DLL
0x00007ff903940000 - 0x00007ff90396a000 	C:\WINDOWS\SYSTEM32\dbgcore.DLL
0x00007ff8d81d0000 - 0x00007ff8d81f5000 	C:\Program Files\Java\jdk-15\bin\java.dll

dbghelp: loaded successfully - version: 4.0.5 - missing functions: none
symbol engine: initialized successfully - sym options: 0x614 - pdb path: .;C:\Program Files\Java\jdk-15\bin;C:\WINDOWS\SYSTEM32;C:\WINDOWS\WinSxS\amd64_microsoft.windows.common-controls_6595b64144ccf1df_6.0.18362.1256_none_9e7e379be45e40e2;C:\Program Files\Java\jdk-15\bin\server

VM Arguments:
jvm_args: -Dclassworlds.conf=C:\Program Files\NetBeans-12.1\netbeans\java\maven\bin\..\bin\m2.conf -Dmaven.home=C:\Program Files\NetBeans-12.1\netbeans\java\maven\bin\.. -Dlibrary.jansi.path=C:\Program Files\NetBeans-12.1\netbeans\java\maven\bin\..\lib\jansi-native -Dmaven.multiModuleProjectDirectory=C:\Users\fabri\OneDrive\Desktop\proyecto3POO_Tutorias-parte-l-gica\Proyecto3 
java_command: org.codehaus.plexus.classworlds.launcher.Launcher -Dexec.args=-classpath %classpath Vista.main -Dexec.executable=C:\Program Files\Java\jdk-15\bin\java.exe -Dmaven.ext.class.path=C:\Program Files\NetBeans-12.1\netbeans\java\maven-nblib\netbeans-eventspy.jar -Dfile.encoding=UTF-8 org.codehaus.mojo:exec-maven-plugin:1.5.0:exec
java_class_path (initial): C:\Program Files\NetBeans-12.1\netbeans\java\maven\bin\..\boot\plexus-classworlds-2.6.0.jar
Launcher Type: SUN_STANDARD

[Global flags]
     intx CICompilerCount                          = 3                                         {product} {ergonomic}
     uint ConcGCThreads                            = 1                                         {product} {ergonomic}
     uint G1ConcRefinementThreads                  = 4                                         {product} {ergonomic}
   size_t G1HeapRegionSize                         = 2097152                                   {product} {ergonomic}
    uintx GCDrainStackTargetSize                   = 64                                        {product} {ergonomic}
   size_t InitialHeapSize                          = 268435456                                 {product} {ergonomic}
   size_t MarkStackSize                            = 4194304                                   {product} {ergonomic}
   size_t MaxHeapSize                              = 4263510016                                {product} {ergonomic}
   size_t MinHeapDeltaBytes                        = 2097152                                   {product} {ergonomic}
   size_t MinHeapSize                              = 8388608                                   {product} {ergonomic}
    uintx NonNMethodCodeHeapSize                   = 5832780                                {pd product} {ergonomic}
    uintx NonProfiledCodeHeapSize                  = 122912730                              {pd product} {ergonomic}
    uintx ProfiledCodeHeapSize                     = 122912730                              {pd product} {ergonomic}
    uintx ReservedCodeCacheSize                    = 251658240                              {pd product} {ergonomic}
     bool SegmentedCodeCache                       = true                                      {product} {ergonomic}
   size_t SoftMaxHeapSize                          = 4263510016                             {manageable} {ergonomic}
     bool UseCompressedClassPointers               = true                                 {lp64_product} {ergonomic}
     bool UseCompressedOops                        = true                                 {lp64_product} {ergonomic}
     bool UseG1GC                                  = true                                      {product} {ergonomic}
     bool UseLargePagesIndividualAllocation        = false                                  {pd product} {ergonomic}

Logging:
Log output configuration:
 #0: stdout all=warning uptime,level,tags
 #1: stderr all=off uptime,level,tags

Environment Variables:
JAVA_HOME=C:\Program Files\Java\jdk-15
PATH=C:\Program Files\Common Files\Oracle\Java\javapath;C:\Program Files (x86)\Common Files\Oracle\Java\javapath;C:\Program Files (x86)\Intel\iCLS Client\;C:\Program Files\Intel\iCLS Client\;C:\WINDOWS\system32;C:\WINDOWS;C:\WINDOWS\System32\Wbem;C:\WINDOWS\System32\WindowsPowerShell\v1.0\;C:\Program Files (x86)\Intel\Intel(R) Management Engine Components\DAL;C:\Program Files\Intel\Intel(R) Management Engine Components\DAL;C:\Program Files (x86)\Intel\Intel(R) Management Engine Components\IPT;C:\Program Files\Intel\Intel(R) Management Engine Components\IPT;C:\Program Files\Intel\WiFi\bin\;C:\Program Files\Common Files\Intel\WirelessCommon\;C:\WINDOWS\System32\OpenSSH\;C:\Users\fabri\AppData\Local\Programs\Python\Python36\Scripts\;C:\Users\fabri\AppData\Local\Programs\Python\Python36\;C:\Python\Python38\Scripts\;C:\Python\Python38\;C:\texlive\2019\bin\win32;C:\Users\fabri\AppData\Local\Microsoft\WindowsApps;C:\Users\fabri\AppData\Local\GitHubDesktop\bin
USERNAME=fabri
OS=Windows_NT
PROCESSOR_IDENTIFIER=Intel64 Family 6 Model 78 Stepping 3, GenuineIntel



---------------  S Y S T E M  ---------------

OS:
 Windows 10 , 64 bit Build 18362 (10.0.18362.1110)
OS uptime: 0 days 1:39 hours

CPU: total 4 (initial active 4) (2 cores per cpu, 2 threads per core) family 6 model 78 stepping 3, cmov, cx8, fxsr, mmx, sse, sse2, sse3, ssse3, sse4.1, sse4.2, popcnt, vzeroupper, avx, avx2, aes, clmul, erms, 3dnowpref, lzcnt, ht, tsc, tscinvbit, bmi1, bmi2, adx, fma, clflush, clflushopt

Memory: 4k page, system-wide physical 16259M (9122M free)
TotalPageFile size 16259M (AvailPageFile size 208M)
current process WorkingSet (physical memory assigned to process): 10M, peak: 10M
current process commit charge ("private bytes"): 52M, peak: 308M

vm_info: Java HotSpot(TM) 64-Bit Server VM (15+36-1562) for windows-amd64 JRE (15+36-1562), built on Aug 11 2020 22:38:02 by "mach5one" with unknown MS VC++:1925

END.
